The target system is: Generic - 2.7.0 - arm
The host system is: Windows - 10.0.15063 - AMD64
Compiling the C compiler identification source file "CMakeCCompilerId.c" succeeded.
Compiler: C:/Users/Administrador/ncs/v1.8.0/toolchain/opt/bin/arm-none-eabi-gcc.exe 
Build flags: 
Id flags: -c 

The output was:
0


Compilation of the C compiler identification source "CMakeCCompilerId.c" produced "CMakeCCompilerId.o"

The C compiler identification is GNU, found in "C:/Users/Administrador/Documents/Nordic/Project_v1/bls-hsm/build/spm/CMakeFiles/3.20.5/CompilerIdC/CMakeCCompilerId.o"

Compiling the CXX compiler identification source file "CMakeCXXCompilerId.cpp" succeeded.
Compiler: C:/Users/Administrador/ncs/v1.8.0/toolchain/opt/bin/arm-none-eabi-gcc.exe 
Build flags: 
Id flags: -c 

The output was:
0


Compilation of the CXX compiler identification source "CMakeCXXCompilerId.cpp" produced "CMakeCXXCompilerId.o"

The CXX compiler identification is GNU, found in "C:/Users/Administrador/Documents/Nordic/Project_v1/bls-hsm/build/spm/CMakeFiles/3.20.5/CompilerIdCXX/CMakeCXXCompilerId.o"

Checking whether the ASM compiler is GNU using "--version" matched "(GNU assembler)|(GCC)|(Free Software Foundation)":
arm-none-eabi-gcc.exe (GNU Tools for Arm Embedded Processors 9-2019-q4-major) 9.2.1 20191025 (release) [ARM/arm-9-branch revision 277599]
Copyright (C) 2019 Free Software Foundation, Inc.
This is free software; see the source for copying conditions.  There is NO
warranty; not even for MERCHANTABILITY or FITNESS FOR A PARTICULAR PURPOSE.

Performing C SOURCE FILE Test check_C__nostartfiles__nostdlib__isystem__c__users_administrador_ncs_v1_8_0_toolchain_opt_bin____lib_gcc_arm_none_eabi_9_2_1_include___isystem__c__users_administrador_ncs_v1_8_0_toolchain_opt_bin____lib_gcc_arm_none_eabi_9_2_1_include_fixed___Wl___unresolved_symbols_ignore_in_object_files__Wl___entry_0__Wl___out_implib_C__Users_Administrador_Documents_Nordic_Project_v1_bls_hsm_build_spm_libspmsecureentries_a succeeded with the following output:
Change Dir: C:/Users/Administrador/Documents/Nordic/Project_v1/bls-hsm/build/spm/CMakeFiles/CMakeTmp

Run Build Command(s):C:/Users/Administrador/ncs/v1.8.0/toolchain/opt/bin/ninja.exe cmTC_c96eb && [1/2] Building C object CMakeFiles/cmTC_c96eb.dir/src.c.obj
[2/2] Linking C executable cmTC_c96eb


Source file was:
int main(void) { return 0; }
